<?xml version="1.0" encoding="UTF-8"?>
<!-- Generated by org.testng.reporters.JUnitReportReporter -->
<testsuite hostname="PG02802S" failures="0" tests="3" name="day6.OrangeHRMDDT_TestNG_Excel" time="18.882" errors="0" timestamp="2022-03-21T11:54:39 IST" skipped="0">
  <testcase classname="day6.OrangeHRMDDT_TestNG_Excel" name="Login_Valid_Scenario" time="8.184"/>
  <system-out/>
  <testcase classname="day6.OrangeHRMDDT_TestNG_Excel" name="Login_Valid_Scenario" time="5.394"/>
  <system-out/>
  <testcase classname="day6.OrangeHRMDDT_TestNG_Excel" name="Login_Valid_Scenario" time="5.304"/>
  <system-out/>
</testsuite> <!-- day6.OrangeHRMDDT_TestNG_Excel -->
