<?xml version="1.0" encoding="UTF-8"?>
<!-- Generated by org.testng.reporters.JUnitReportReporter -->
<testsuite hostname="PG02802S" failures="0" tests="1" name="day6.TestNGGroups" time="0.008" errors="0" timestamp="2022-03-21T10:15:01 IST" skipped="0">
  <testcase classname="day6.TestNGGroups" name="Smoke1" time="0.008"/>
  <system-out/>
</testsuite> <!-- day6.TestNGGroups -->
