<?xml version="1.0" encoding="UTF-8"?>
<!-- Generated by org.testng.reporters.JUnitReportReporter -->
<testsuite hostname="PG02802S" failures="0" tests="1" name="day7.ReadDataFromJson" time="13.753" errors="0" timestamp="2022-03-22T09:56:03 IST" skipped="0">
  <testcase classname="day7.ReadDataFromJson" name="Flight_Login" time="13.753"/>
  <system-out/>
</testsuite> <!-- day7.ReadDataFromJson -->
