<?xml version="1.0" encoding="UTF-8"?>
<!-- Generated by org.testng.reporters.JUnitReportReporter -->
<testsuite hostname="PG02802S" failures="0" tests="2" name="day11.ExecuteOnCloud_Saucelabs" time="30.567" errors="0" timestamp="2022-03-28T09:55:16 IST" skipped="0">
  <testcase classname="day11.ExecuteOnCloud_Saucelabs" name="SauceLab_Example" time="24.405"/>
  <system-out/>
  <testcase classname="day11.ExecuteOnCloud_Saucelabs" name="Logout" time="6.162"/>
  <system-out/>
</testsuite> <!-- day11.ExecuteOnCloud_Saucelabs -->
