<?xml version="1.0" encoding="UTF-8"?>
<!-- Generated by org.testng.reporters.JUnitReportReporter -->
<testsuite hostname="PG02802S" failures="0" tests="1" name="day4.OrangeHRM_Login_Parameters" time="0.000" errors="1" timestamp="2022-03-17T11:33:43 IST" skipped="0">
  <testcase classname="day4.OrangeHRM_Login_Parameters" name="Login" time="0.000">
    <error message="
Parameter &#039;uname&#039; is required by @Test on method Login but has not been marked @Optional or defined
in D:\Selenium_Training\SeleniumTraining\src\test\java\Smoke_Parallel.xml" type="org.testng.TestNGException">
      <![CDATA[org.testng.TestNGException: 
Parameter 'uname' is required by @Test on method Login but has not been marked @Optional or defined
in D:\Selenium_Training\SeleniumTraining\src\test\java\Smoke_Parallel.xml
at org.testng.internal.Parameters.createParams(Parameters.java:267)
at org.testng.internal.Parameters.createParametersForMethod(Parameters.java:355)
at org.testng.internal.Parameters.createParameters(Parameters.java:660)
at org.testng.internal.Parameters.handleParameters(Parameters.java:856)
at org.testng.internal.Parameters.handleParameters(Parameters.java:704)
at org.testng.internal.invokers.ParameterHandler.handleParameters(ParameterHandler.java:70)
at org.testng.internal.invokers.ParameterHandler.createParameters(ParameterHandler.java:49)
at org.testng.internal.invokers.TestInvoker$MethodInvocationAgent.invoke(TestInvoker.java:904)
at org.testng.internal.invokers.TestInvoker.invokeTestMethods(TestInvoker.java:193)
at org.testng.internal.invokers.TestMethodWorker.invokeTestMethods(TestMethodWorker.java:146)
at org.testng.internal.invokers.TestMethodWorker.run(TestMethodWorker.java:128)
at java.base/java.util.concurrent.ThreadPoolExecutor.runWorker(ThreadPoolExecutor.java:1130)
at java.base/java.util.concurrent.ThreadPoolExecutor$Worker.run(ThreadPoolExecutor.java:630)
at java.base/java.lang.Thread.run(Thread.java:832)
]]>
    </error>
  </testcase> <!-- Login -->
  <system-out/>
</testsuite> <!-- day4.OrangeHRM_Login_Parameters -->
