<?xml version="1.0" encoding="UTF-8"?>
<!-- Generated by org.testng.reporters.JUnitReportReporter -->
<testsuite hostname="PG02802S" failures="0" tests="1" name="day9.FindAllLinks" time="97.145" errors="0" timestamp="2022-03-24T11:51:38 IST" skipped="0">
  <testcase classname="day9.FindAllLinks" name="navigateToAllLinks" time="97.145"/>
  <system-out/>
</testsuite> <!-- day9.FindAllLinks -->
