<?xml version="1.0" encoding="UTF-8"?>
<!-- Generated by org.testng.reporters.JUnitReportReporter -->
<testsuite hostname="PG02802S" failures="0" tests="1" name="day7.ChromeHeadless" time="17.861" errors="0" timestamp="2022-03-22T11:06:48 IST" skipped="0">
  <testcase classname="day7.ChromeHeadless" name="Chrome_Headless" time="17.861"/>
  <system-out/>
</testsuite> <!-- day7.ChromeHeadless -->
