<?xml version="1.0" encoding="UTF-8"?>
<!-- Generated by org.testng.reporters.JUnitReportReporter -->
<testsuite hostname="PG02802S" failures="0" tests="3" name="day7.CheckBox" time="25.280" errors="0" timestamp="2022-03-28T10:26:04 IST" skipped="0">
  <testcase classname="day7.CheckBox" name="Login" time="13.062"/>
  <system-out/>
  <testcase classname="day7.CheckBox" name="Leave" time="7.932"/>
  <system-out/>
  <testcase classname="day7.CheckBox" name="Logout" time="4.286"/>
  <system-out/>
</testsuite> <!-- day7.CheckBox -->
