<?xml version="1.0" encoding="UTF-8"?>
<!-- Generated by org.testng.reporters.JUnitReportReporter -->
<testsuite hostname="PG02802S" failures="0" tests="5" name="day4.OrangeHRM_LoginScenario" time="16.923" errors="0" timestamp="2022-03-17T12:29:33 IST" skipped="0">
  <testcase classname="day4.OrangeHRM_LoginScenario" name="LoginAllCases" time="0.631"/>
  <system-out/>
  <testcase classname="day4.OrangeHRM_LoginScenario" name="LoginAllCases" time="2.621"/>
  <system-out/>
  <testcase classname="day4.OrangeHRM_LoginScenario" name="LoginAllCases" time="11.091"/>
  <system-out/>
  <testcase classname="day4.OrangeHRM_LoginScenario" name="LoginAllCases" time="0.418"/>
  <system-out/>
  <testcase classname="day4.OrangeHRM_LoginScenario" name="LoginAllCases" time="2.162"/>
  <system-out/>
</testsuite> <!-- day4.OrangeHRM_LoginScenario -->
