<?xml version="1.0" encoding="UTF-8"?>
<!-- Generated by org.testng.reporters.JUnitReportReporter -->
<testsuite hostname="PG02802S" failures="0" tests="1" name="day9.WebTable_Pagination" time="34.512" errors="0" timestamp="2022-03-24T11:06:22 IST" skipped="0">
  <testcase classname="day9.WebTable_Pagination" name="Pagination_Example" time="34.512"/>
  <system-out/>
</testsuite> <!-- day9.WebTable_Pagination -->
