<?xml version="1.0" encoding="UTF-8"?>
<!-- Generated by org.testng.reporters.JUnitReportReporter -->
<testsuite hostname="PG02802S" failures="0" tests="3" name="day8.AddUserAndVerifyUser_WebTable" time="46.229" errors="0" timestamp="2022-03-23T09:40:32 IST" skipped="0">
  <testcase classname="day8.AddUserAndVerifyUser_WebTable" name="Login" time="12.386"/>
  <system-out/>
  <testcase classname="day8.AddUserAndVerifyUser_WebTable" name="Add_User" time="12.255"/>
  <system-out/>
  <testcase classname="day8.AddUserAndVerifyUser_WebTable" name="Logout" time="21.588"/>
  <system-out/>
</testsuite> <!-- day8.AddUserAndVerifyUser_WebTable -->
