<?xml version="1.0" encoding="UTF-8"?>
<!-- Generated by org.testng.reporters.JUnitReportReporter -->
<testsuite hostname="PG02802S" failures="0" tests="2" name="day10.OrangeHRM_Login_HashMapData" time="10.266" errors="0" timestamp="2022-03-25T11:24:31 IST" skipped="0">
  <testcase classname="day10.OrangeHRM_Login_HashMapData" name="Login" time="5.906"/>
  <system-out/>
  <testcase classname="day10.OrangeHRM_Login_HashMapData" name="Logout" time="4.360"/>
  <system-out/>
</testsuite> <!-- day10.OrangeHRM_Login_HashMapData -->
