<?xml version="1.0" encoding="UTF-8"?>
<!-- Generated by org.testng.reporters.JUnitReportReporter -->
<testsuite hostname="PG02802S" failures="0" tests="3" name="day8.AddandDeleteUser_WebTable" time="33.209" errors="0" timestamp="2022-03-23T10:34:20 IST" skipped="0">
  <testcase classname="day8.AddandDeleteUser_WebTable" name="Login" time="11.540"/>
  <system-out/>
  <testcase classname="day8.AddandDeleteUser_WebTable" name="Add_User" time="17.560"/>
  <system-out/>
  <testcase classname="day8.AddandDeleteUser_WebTable" name="Logout" time="4.109"/>
  <system-out/>
</testsuite> <!-- day8.AddandDeleteUser_WebTable -->
