<?xml version="1.0" encoding="UTF-8"?>
<!-- Generated by org.testng.reporters.JUnitReportReporter -->
<testsuite hostname="PG02802S" failures="0" tests="3" name="day7.CheckBox" time="25.585" errors="0" timestamp="2022-03-22T11:27:55 IST" skipped="0">
  <testcase classname="day7.CheckBox" name="Login" time="12.717"/>
  <system-out/>
  <testcase classname="day7.CheckBox" name="Leave" time="8.378"/>
  <system-out/>
  <testcase classname="day7.CheckBox" name="Logout" time="4.490"/>
  <system-out/>
</testsuite> <!-- day7.CheckBox -->
