<?xml version="1.0" encoding="UTF-8"?>
<!-- Generated by org.testng.reporters.JUnitReportReporter -->
<testsuite hostname="PG02802S" failures="0" tests="1" name="day5.Smoke_Suite" time="0.004" errors="0" timestamp="2022-03-17T11:19:01 IST" skipped="0">
  <testcase classname="day5.Smoke_Suite" name="f" time="0.004"/>
  <system-out/>
</testsuite> <!-- day5.Smoke_Suite -->
