<?xml version="1.0" encoding="UTF-8"?>
<!-- Generated by org.testng.reporters.JUnitReportReporter -->
<testsuite hostname="PG02802S" failures="0" tests="1" name="day7.ReadDataFromProperties" time="0.006" errors="0" timestamp="2022-03-22T10:25:20 IST" skipped="0">
  <testcase classname="day7.ReadDataFromProperties" name="readProperties" time="0.006"/>
  <system-out/>
</testsuite> <!-- day7.ReadDataFromProperties -->
